1499226307284	geckodriver	INFO	Listening on 127.0.0.1:59982
1499226309459	geckodriver::marionette	INFO	Starting browser C:\Program Files (x86)\Mozilla Firefox\firefox.exe with args ["-marionette"]
1499226318568	Marionette	INFO	Listening on port 59988
1499226319782	Marionette	WARN	TLS certificate errors will be ignored for this session
1499226403370	Marionette	INFO	Ceased listening
0.0.1:60017
1499226401524	geckodriver::marionette	INFO	Starting browser C:\Program Files (x86)\Mozilla Firefox\firefox.exe with args ["-marionette"]
1499226409285	Marionette	INFO	Listening on port 60023
1499226411793	Marionette	WARN	TLS certificate errors will be ignored for this session
1499226419888	Marionette	INFO	Ceased listening
1499226438174	geckodriver	INFO	Listening on 127.0.0.1:60048
1499226440229	geckodriver::marionette	INFO	Starting browser C:\Program Files (x86)\Mozilla Firefox\firefox.exe with args ["-marionette"]
1499226448040	Marionette	INFO	Listening on port 60054
1499226449563	Marionette	WARN	TLS certificate errors will be ignored for this session
JavaScript warning: https://mail.protonmail.com/openpgp.min.js?rel=6a32ee1942, line 0: Successfully compiled asm.js code (total compilation time 226ms; stored in cache)
JavaScript warning: https://mail.protonmail.com/openpgp.min.js?rel=6a32ee1942, line 0: Successfully compiled asm.js code (total compilation time 9ms; not stored in cache (too small to benefit))
JavaScript warning: https://mail.protonmail.com/openpgp.min.js?rel=6a32ee1942, line 0: Successfully compiled asm.js code (total compilation time 8ms; not stored in cache (too small to benefit))
JavaScript warning: https://mail.protonmail.com/assets/app.js?rel=9edafcb73d, line 0: Successfully compiled asm.js code (total compilation time 185ms; stored in cache)
JavaScript warning: https://mail.protonmail.com/assets/app.js?rel=9edafcb73d, line 0: Successfully compiled asm.js code (total compilation time 58ms; stored in cache)
1499226674485	Marionette	INFO	Ceased listening
0.0.1:60105
1499226614748	geckodriver::marionette	INFO	Starting browser C:\Program Files (x86)\Mozilla Firefox\firefox.exe with args ["-marionette"]
1499226622563	Marionette	INFO	Listening on port 60111
1499226624343	Marionette	WARN	TLS certificate errors will be ignored for this session
JavaScript warning: https://mail.protonmail.com/openpgp.min.js?rel=6a32ee1942, line 0: Successfully compiled asm.js code (total compilation time 137ms; stored in cache)
JavaScript warning: https://mail.protonmail.com/openpgp.min.js?rel=6a32ee1942, line 0: Successfully compiled asm.js code (total compilation time 6ms; not stored in cache (too small to benefit))
JavaScript warning: https://mail.protonmail.com/openpgp.min.js?rel=6a32ee1942, line 0: Successfully compiled asm.js code (total compilation time 6ms; not stored in cache (too small to benefit))
JavaScript warning: https://mail.protonmail.com/assets/app.js?rel=9edafcb73d, line 0: Successfully compiled asm.js code (total compilation time 173ms; stored in cache)
JavaScript warning: https://mail.protonmail.com/assets/app.js?rel=9edafcb73d, line 0: Successfully compiled asm.js code (total compilation time 82ms; stored in cache)
1499226676747	Marionette	INFO	Ceased listening
1499226682806	geckodriver	INFO	Listening on 127.0.0.1:60181
1499226684901	geckodriver::marionette	INFO	Starting browser C:\Program Files (x86)\Mozilla Firefox\firefox.exe with args ["-marionette"]
1499226692655	Marionette	INFO	Listening on port 60187
1499226694372	Marionette	WARN	TLS certificate errors will be ignored for this session
JavaScript warning: https://mail.protonmail.com/openpgp.min.js?rel=6a32ee1942, line 0: Successfully compiled asm.js code (total compilation time 189ms; stored in cache)
JavaScript warning: https://mail.protonmail.com/openpgp.min.js?rel=6a32ee1942, line 0: Successfully compiled asm.js code (total compilation time 16ms; not stored in cache (too small to benefit))
JavaScript warning: https://mail.protonmail.com/openpgp.min.js?rel=6a32ee1942, line 0: Successfully compiled asm.js code (total compilation time 17ms; not stored in cache (too small to benefit))
JavaScript warning: https://mail.protonmail.com/assets/app.js?rel=9edafcb73d, line 0: Successfully compiled asm.js code (total compilation time 187ms; stored in cache)
JavaScript warning: https://mail.protonmail.com/assets/app.js?rel=9edafcb73d, line 0: Successfully compiled asm.js code (total compilation time 42ms; stored in cache)
1499226703808	Marionette	INFO	Ceased listening
1499226731615	geckodriver	INFO	Listening on 127.0.0.1:60216
1499226733663	geckodriver::marionette	INFO	Starting browser C:\Program Files (x86)\Mozilla Firefox\firefox.exe with args ["-marionette"]
1499226734223	addons.manager	DEBUG	Application has been upgraded
1499226734645	addons.manager	DEBUG	Loaded provider scope for resource://gre/modules/addons/XPIProvider.jsm: ["XPIProvider"]
1499226734653	addons.manager	DEBUG	Loaded provider scope for resource://gre/modules/LightweightThemeManager.jsm: ["LightweightThemeManager"]
1499226734670	addons.manager	DEBUG	Loaded provider scope for resource://gre/modules/addons/GMPProvider.jsm
1499226734675	addons.manager	DEBUG	Loaded provider scope for resource://gre/modules/addons/PluginProvider.jsm
1499226734677	addons.manager	DEBUG	Starting provider: XPIProvider
1499226734678	addons.xpi	DEBUG	startup
1499226734679	addons.xpi	INFO	Removing all system add-on upgrades.
1499226734680	addons.xpi	INFO	SystemAddonInstallLocation directory is missing
1499226734682	addons.xpi	INFO	Mapping aushelper@mozilla.org to C:\Program Files (x86)\Mozilla Firefox\browser\features\aushelper@mozilla.org.xpi
1499226734683	addons.xpi	INFO	Mapping e10srollout@mozilla.org to C:\Program Files (x86)\Mozilla Firefox\browser\features\e10srollout@mozilla.org.xpi
1499226734684	addons.xpi	INFO	Mapping firefox@getpocket.com to C:\Program Files (x86)\Mozilla Firefox\browser\features\firefox@getpocket.com.xpi
1499226734684	addons.xpi	INFO	Mapping screenshots@mozilla.org to C:\Program Files (x86)\Mozilla Firefox\browser\features\screenshots@mozilla.org.xpi
1499226734685	addons.xpi	INFO	Mapping webcompat@mozilla.org to C:\Program Files (x86)\Mozilla Firefox\browser\features\webcompat@mozilla.org.xpi
1499226734686	addons.xpi	INFO	Mapping {972ce4c6-7e08-4474-a285-3208198ce6fd} to C:\Program Files (x86)\Mozilla Firefox\browser\extensions\{972ce4c6-7e08-4474-a285-3208198ce6fd}.xpi
1499226734687	addons.xpi	DEBUG	checkForChanges
1499226734688	addons.xpi	INFO	SystemAddonInstallLocation directory is missing
1499226734689	addons.xpi	DEBUG	Loaded add-on state from prefs: {}
1499226734690	addons.xpi	DEBUG	New add-on aushelper@mozilla.org in app-system-defaults
1499226734691	addons.xpi	DEBUG	getModTime: Recursive scan of aushelper@mozilla.org
1499226734692	addons.xpi	DEBUG	New add-on e10srollout@mozilla.org in app-system-defaults
1499226734693	addons.xpi	DEBUG	getModTime: Recursive scan of e10srollout@mozilla.org
1499226734694	addons.xpi	DEBUG	New add-on firefox@getpocket.com in app-system-defaults
1499226734695	addons.xpi	DEBUG	getModTime: Recursive scan of firefox@getpocket.com
1499226734696	addons.xpi	DEBUG	New add-on screenshots@mozilla.org in app-system-defaults
1499226734696	addons.xpi	DEBUG	getModTime: Recursive scan of screenshots@mozilla.org
1499226734697	addons.xpi	DEBUG	New add-on webcompat@mozilla.org in app-system-defaults
1499226734697	addons.xpi	DEBUG	getModTime: Recursive scan of webcompat@mozilla.org
1499226734698	addons.xpi	DEBUG	New add-on {972ce4c6-7e08-4474-a285-3208198ce6fd} in app-global
1499226734698	addons.xpi	DEBUG	getModTime: Recursive scan of {972ce4c6-7e08-4474-a285-3208198ce6fd}
1499226734699	addons.xpi	DEBUG	getInstallState changed: true, state: {"app-system-defaults":{"aushelper@mozilla.org":{"d":"C:\\Program Files (x86)\\Mozilla Firefox\\browser\\features\\aushelper@mozilla.org.xpi","st":1498810913959},"e10srollout@mozilla.org":{"d":"C:\\Program Files (x86)\\Mozilla Firefox\\browser\\features\\e10srollout@mozilla.org.xpi","st":1498810913959},"firefox@getpocket.com":{"d":"C:\\Program Files (x86)\\Mozilla Firefox\\browser\\features\\firefox@getpocket.com.xpi","st":1498810913943},"screenshots@mozilla.org":{"d":"C:\\Program Files (x86)\\Mozilla Firefox\\browser\\features\\screenshots@mozilla.org.xpi","st":1497422322541},"webcompat@mozilla.org":{"d":"C:\\Program Files (x86)\\Mozilla Firefox\\browser\\features\\webcompat@mozilla.org.xpi","st":1498810913928}},"app-global":{"{972ce4c6-7e08-4474-a285-3208198ce6fd}":{"d":"C:\\Program Files (x86)\\Mozilla Firefox\\browser\\extensions\\{972ce4c6-7e08-4474-a285-3208198ce6fd}.xpi","st":1498810913959}}}
1499226734712	addons.xpi-utils	DEBUG	Opening XPI database C:\Users\D\AppData\Local\Temp\rust_mozprofile.9PVFsycRRpbf\extensions.json
1499226734715	addons.xpi-utils	DEBUG	New add-on aushelper@mozilla.org installed in app-system-defaults
*** Blocklist::_loadBlocklistFromFile: blocklist is disabled
1499226734729	DeferredSave.extensions.json	DEBUG	Save changes
1499226734730	addons.xpi-utils	DEBUG	New add-on e10srollout@mozilla.org installed in app-system-defaults
1499226734735	DeferredSave.extensions.json	DEBUG	Starting timer
1499226734738	DeferredSave.extensions.json	DEBUG	Save changes
1499226734738	addons.xpi-utils	DEBUG	New add-on firefox@getpocket.com installed in app-system-defaults
1499226734748	DeferredSave.extensions.json	DEBUG	Save changes
1499226734749	addons.xpi-utils	DEBUG	New add-on screenshots@mozilla.org installed in app-system-defaults
1499226734759	DeferredSave.extensions.json	DEBUG	Save changes
1499226734760	addons.xpi-utils	DEBUG	New add-on webcompat@mozilla.org installed in app-system-defaults
1499226734766	DeferredSave.extensions.json	DEBUG	Save changes
1499226734767	addons.xpi-utils	DEBUG	New add-on {972ce4c6-7e08-4474-a285-3208198ce6fd} installed in app-global
1499226734773	DeferredSave.extensions.json	DEBUG	Save changes
1499226734774	addons.manager	DEBUG	Registering startup change 'installed' for aushelper@mozilla.org
1499226734786	addons.xpi	DEBUG	Loading bootstrap scope from C:\Program Files (x86)\Mozilla Firefox\browser\features\aushelper@mozilla.org.xpi
1499226734793	addons.xpi	DEBUG	Calling bootstrap method install on aushelper@mozilla.org version 2.0
1499226734793	addons.xpi-utils	DEBUG	Make addon app-system-defaults:aushelper@mozilla.org visible
1499226734794	DeferredSave.extensions.json	DEBUG	Save changes
1499226734795	addons.manager	DEBUG	Registering startup change 'installed' for e10srollout@mozilla.org
1499226734795	addons.xpi	DEBUG	Loading bootstrap scope from C:\Program Files (x86)\Mozilla Firefox\browser\features\e10srollout@mozilla.org.xpi
1499226734800	addons.xpi	DEBUG	Calling bootstrap method install on e10srollout@mozilla.org version 1.50
1499226734802	addons.xpi-utils	DEBUG	Make addon app-system-defaults:e10srollout@mozilla.org visible
1499226734802	DeferredSave.extensions.json	DEBUG	Save changes
1499226734803	addons.manager	DEBUG	Registering startup change 'installed' for firefox@getpocket.com
1499226734804	addons.xpi	DEBUG	Loading bootstrap scope from C:\Program Files (x86)\Mozilla Firefox\browser\features\firefox@getpocket.com.xpi
1499226734810	addons.xpi	DEBUG	Calling bootstrap method install on firefox@getpocket.com version 1.0.5
1499226734810	addons.xpi-utils	DEBUG	Make addon app-system-defaults:firefox@getpocket.com visible
1499226734811	DeferredSave.extensions.json	DEBUG	Save changes
1499226734811	addons.manager	DEBUG	Registering startup change 'installed' for screenshots@mozilla.org
1499226734812	addons.xpi	DEBUG	Loading bootstrap scope from C:\Program Files (x86)\Mozilla Firefox\browser\features\screenshots@mozilla.org.xpi
1499226734816	addons.xpi	DEBUG	Calling bootstrap method install on screenshots@mozilla.org version 6.6.0
1499226734816	addons.xpi-utils	DEBUG	Make addon app-system-defaults:screenshots@mozilla.org visible
1499226734817	DeferredSave.extensions.json	DEBUG	Save changes
1499226734817	addons.manager	DEBUG	Registering startup change 'installed' for webcompat@mozilla.org
1499226734818	addons.xpi	DEBUG	Loading bootstrap scope from C:\Program Files (x86)\Mozilla Firefox\browser\features\webcompat@mozilla.org.xpi
1499226734821	addons.xpi	DEBUG	Calling bootstrap method install on webcompat@mozilla.org version 1.1
1499226734821	addons.xpi-utils	DEBUG	Make addon app-system-defaults:webcompat@mozilla.org visible
1499226734822	DeferredSave.extensions.json	DEBUG	Save changes
1499226734823	addons.xpi-utils	DEBUG	Make addon app-global:{972ce4c6-7e08-4474-a285-3208198ce6fd} visible
1499226734823	DeferredSave.extensions.json	DEBUG	Save changes
1499226734824	addons.xpi	DEBUG	Updating XPIState for {"id":"aushelper@mozilla.org","syncGUID":"{b0a1220d-4d36-4420-866f-6d5b6511df06}","location":"app-system-defaults","version":"2.0","type":"extension","internalName":null,"updateURL":null,"updateKey":null,"optionsURL":null,"optionsType":null,"aboutURL":null,"icons":{},"iconURL":null,"icon64URL":null,"defaultLocale":{"name":"Application Update Service Helper","description":"Sets value(s) in the update url based on custom checks.","creator":null,"homepageURL":null},"visible":true,"active":true,"userDisabled":false,"appDisabled":false,"descriptor":"C:\\Program Files (x86)\\Mozilla Firefox\\browser\\features\\aushelper@mozilla.org.xpi","installDate":1498810913959,"updateDate":1498810913959,"applyBackgroundUpdates":1,"bootstrap":true,"skinnable":false,"size":8488,"sourceURI":null,"releaseNotesURI":null,"softDisabled":false,"foreignInstall":false,"hasBinaryComponents":false,"strictCompatibility":false,"locales":[],"targetApplications":[{"id":"{ec8030f7-c20a-464f-9b0e-13a3a9e97384}","minVersion":"54.0.1","maxVersion":"54.*"}],"targetPlatforms":[],"multiprocessCompatible":true,"seen":true,"dependencies":[],"hasEmbeddedWebExtension":false,"mpcOptedOut":false,"userPermissions":null}
1499226734824	addons.xpi	DEBUG	getModTime: Recursive scan of aushelper@mozilla.org
1499226734824	addons.xpi	DEBUG	Updating XPIState for {"id":"e10srollout@mozilla.org","syncGUID":"{c2f33183-30ce-4912-94ae-a0ee7c361f8a}","location":"app-system-defaults","version":"1.50","type":"extension","internalName":null,"updateURL":null,"updateKey":null,"optionsURL":null,"optionsType":null,"aboutURL":null,"icons":{},"iconURL":null,"icon64URL":null,"defaultLocale":{"name":"Multi-process staged rollout","description":"Staged rollout of Firefox multi-process feature.","creator":null,"homepageURL":null},"visible":true,"active":true,"userDisabled":false,"appDisabled":false,"descriptor":"C:\\Program Files (x86)\\Mozilla Firefox\\browser\\features\\e10srollout@mozilla.org.xpi","installDate":1498810913959,"updateDate":1498810913959,"applyBackgroundUpdates":1,"bootstrap":true,"skinnable":false,"size":12519,"sourceURI":null,"releaseNotesURI":null,"softDisabled":false,"foreignInstall":false,"hasBinaryComponents":false,"strictCompatibility":false,"locales":[],"targetApplications":[{"id":"{ec8030f7-c20a-464f-9b0e-13a3a9e97384}","minVersion":"54.0.1","maxVersion":"54.*"}],"targetPlatforms":[],"multiprocessCompatible":true,"seen":true,"dependencies":[],"hasEmbeddedWebExtension":false,"mpcOptedOut":false,"userPermissions":null}
1499226734825	addons.xpi	DEBUG	getModTime: Recursive scan of e10srollout@mozilla.org
1499226734825	addons.xpi	DEBUG	Updating XPIState for {"id":"firefox@getpocket.com","syncGUID":"{d6842386-4cc3-4bc1-80b3-8f1c363c39fb}","location":"app-system-defaults","version":"1.0.5","type":"extension","internalName":null,"updateURL":null,"updateKey":null,"optionsURL":null,"optionsType":null,"aboutURL":null,"icons":{},"iconURL":null,"icon64URL":null,"defaultLocale":{"name":"Pocket","description":"When you find something you want to view later, put it in Pocket.","creator":null,"homepageURL":null},"visible":true,"active":true,"userDisabled":false,"appDisabled":false,"descriptor":"C:\\Program Files (x86)\\Mozilla Firefox\\browser\\features\\firefox@getpocket.com.xpi","installDate":1498810913943,"updateDate":1498810913943,"applyBackgroundUpdates":1,"bootstrap":true,"skinnable":false,"size":914140,"sourceURI":null,"releaseNotesURI":null,"softDisabled":false,"foreignInstall":false,"hasBinaryComponents":false,"strictCompatibility":false,"locales":[],"targetApplications":[{"id":"{ec8030f7-c20a-464f-9b0e-13a3a9e97384}","minVersion":"54.0.1","maxVersion":"54.*"}],"targetPlatforms":[],"multiprocessCompatible":true,"seen":true,"dependencies":[],"hasEmbeddedWebExtension":false,"mpcOptedOut":false,"userPermissions":null}
1499226734826	addons.xpi	DEBUG	getModTime: Recursive scan of firefox@getpocket.com
1499226734826	addons.xpi	DEBUG	Updating XPIState for {"id":"screenshots@mozilla.org","syncGUID":"{49acbed4-623a-416a-823c-7e1afeb6b03f}","location":"app-system-defaults","version":"6.6.0","type":"extension","internalName":null,"updateURL":null,"updateKey":null,"optionsURL":null,"optionsType":null,"aboutURL":null,"icons":{},"iconURL":null,"icon64URL":null,"defaultLocale":{"name":"Firefox Screenshots","description":null,"creator":null,"homepageURL":"https://pageshot.net/"},"visible":true,"active":true,"userDisabled":false,"appDisabled":false,"descriptor":"C:\\Program Files (x86)\\Mozilla Firefox\\browser\\features\\screenshots@mozilla.org.xpi","installDate":1497422322541,"updateDate":1497422322541,"applyBackgroundUpdates":1,"bootstrap":true,"skinnable":false,"size":716271,"sourceURI":null,"releaseNotesURI":null,"softDisabled":false,"foreignInstall":false,"hasBinaryComponents":false,"strictCompatibility":false,"locales":[],"targetApplications":[{"id":"{ec8030f7-c20a-464f-9b0e-13a3a9e97384}","minVersion":"51.0a1","maxVersion":"*"}],"targetPlatforms":[],"multiprocessCompatible":true,"seen":true,"dependencies":[],"hasEmbeddedWebExtension":false,"mpcOptedOut":false,"userPermissions":null}
1499226734826	addons.xpi	DEBUG	getModTime: Recursive scan of screenshots@mozilla.org
1499226734827	addons.xpi	DEBUG	Updating XPIState for {"id":"webcompat@mozilla.org","syncGUID":"{c2285ca2-4c24-4c64-ab97-20606d927973}","location":"app-system-defaults","version":"1.1","type":"extension","internalName":null,"updateURL":null,"updateKey":null,"optionsURL":null,"optionsType":null,"aboutURL":null,"icons":{},"iconURL":null,"icon64URL":null,"defaultLocale":{"name":"Web Compat","description":"Urgent post-release fixes for web compatibility.","creator":null,"homepageURL":null},"visible":true,"active":true,"userDisabled":false,"appDisabled":false,"descriptor":"C:\\Program Files (x86)\\Mozilla Firefox\\browser\\features\\webcompat@mozilla.org.xpi","installDate":1498810913928,"updateDate":1498810913928,"applyBackgroundUpdates":1,"bootstrap":true,"skinnable":false,"size":9006,"sourceURI":null,"releaseNotesURI":null,"softDisabled":false,"foreignInstall":false,"hasBinaryComponents":false,"strictCompatibility":false,"locales":[],"targetApplications":[{"id":"{ec8030f7-c20a-464f-9b0e-13a3a9e97384}","minVersion":"54.0.1","maxVersion":"54.*"}],"targetPlatforms":[],"multiprocessCompatible":true,"seen":true,"dependencies":[],"hasEmbeddedWebExtension":false,"mpcOptedOut":false,"userPermissions":null}
1499226734828	addons.xpi	DEBUG	getModTime: Recursive scan of webcompat@mozilla.org
1499226734829	addons.xpi	DEBUG	Updating XPIState for {"id":"{972ce4c6-7e08-4474-a285-3208198ce6fd}","syncGUID":"{088e4068-8d08-4839-bd2f-8e38a779effb}","location":"app-global","version":"54.0.1","type":"theme","internalName":"classic/1.0","updateURL":null,"updateKey":null,"optionsURL":null,"optionsType":null,"aboutURL":null,"icons":{},"iconURL":"chrome://browser/content/default-theme-icon.svg","icon64URL":null,"defaultLocale":{"name":"Default","description":"The default theme.","creator":"Mozilla","homepageURL":null,"contributors":["Mozilla Contributors"]},"visible":true,"active":true,"userDisabled":false,"appDisabled":false,"descriptor":"C:\\Program Files (x86)\\Mozilla Firefox\\browser\\extensions\\{972ce4c6-7e08-4474-a285-3208198ce6fd}.xpi","installDate":1498810913959,"updateDate":1498810913959,"applyBackgroundUpdates":1,"skinnable":true,"size":8207,"sourceURI":null,"releaseNotesURI":null,"softDisabled":false,"foreignInstall":false,"hasBinaryComponents":false,"strictCompatibility":true,"locales":[],"targetApplications":[{"id":"{ec8030f7-c20a-464f-9b0e-13a3a9e97384}","minVersion":"54.0.1","maxVersion":"54.0.1"}],"targetPlatforms":[],"seen":true,"dependencies":[],"hasEmbeddedWebExtension":false,"userPermissions":null}
1499226734829	addons.xpi	DEBUG	getModTime: Recursive scan of {972ce4c6-7e08-4474-a285-3208198ce6fd}
1499226734830	DeferredSave.extensions.json	DEBUG	Save changes
1499226734831	addons.xpi	DEBUG	Updating database with changes to installed add-ons
1499226734831	addons.xpi-utils	DEBUG	Updating add-on states
1499226734833	addons.xpi-utils	DEBUG	Writing add-ons list
1499226734840	addons.xpi	DEBUG	Registering manifest for C:\Program Files (x86)\Mozilla Firefox\browser\features\aushelper@mozilla.org.xpi
1499226734841	addons.xpi	DEBUG	Calling bootstrap method startup on aushelper@mozilla.org version 2.0
1499226734843	addons.xpi	DEBUG	Registering manifest for C:\Program Files (x86)\Mozilla Firefox\browser\features\e10srollout@mozilla.org.xpi
1499226734844	addons.xpi	DEBUG	Calling bootstrap method startup on e10srollout@mozilla.org version 1.50
1499226734845	addons.xpi	DEBUG	Registering manifest for C:\Program Files (x86)\Mozilla Firefox\browser\features\firefox@getpocket.com.xpi
1499226734846	addons.xpi	DEBUG	Calling bootstrap method startup on firefox@getpocket.com version 1.0.5
1499226734847	addons.xpi	DEBUG	Registering manifest for C:\Program Files (x86)\Mozilla Firefox\browser\features\screenshots@mozilla.org.xpi
1499226734848	addons.xpi	DEBUG	Calling bootstrap method startup on screenshots@mozilla.org version 6.6.0
1499226734849	addons.xpi	DEBUG	Registering manifest for C:\Program Files (x86)\Mozilla Firefox\browser\features\webcompat@mozilla.org.xpi
1499226734850	addons.xpi	DEBUG	Calling bootstrap method startup on webcompat@mozilla.org version 1.1
1499226734863	addons.manager	DEBUG	Registering shutdown blocker for XPIProvider
1499226734864	addons.manager	DEBUG	Provider finished startup: XPIProvider
1499226734865	addons.manager	DEBUG	Starting provider: LightweightThemeManager
1499226734865	addons.manager	DEBUG	Registering shutdown blocker for LightweightThemeManager
1499226734865	addons.manager	DEBUG	Provider finished startup: LightweightThemeManager
1499226734866	addons.manager	DEBUG	Starting provider: GMPProvider
1499226734887	addons.manager	DEBUG	Registering shutdown blocker for GMPProvider
1499226734888	addons.manager	DEBUG	Provider finished startup: GMPProvider
1499226734888	addons.manager	DEBUG	Starting provider: PluginProvider
1499226734888	addons.manager	DEBUG	Registering shutdown blocker for PluginProvider
1499226734889	addons.manager	DEBUG	Provider finished startup: PluginProvider
1499226734889	addons.manager	DEBUG	Completed startup sequence
1499226737776	addons.manager	DEBUG	Starting provider: <unnamed-provider>
1499226737776	addons.manager	DEBUG	Registering shutdown blocker for <unnamed-provider>
1499226737777	addons.manager	DEBUG	Provider finished startup: <unnamed-provider>
1499226737831	addons.manager	DEBUG	Starting provider: PreviousExperimentProvider
1499226737832	addons.manager	DEBUG	Registering shutdown blocker for PreviousExperimentProvider
1499226737832	addons.manager	DEBUG	Provider finished startup: PreviousExperimentProvider
1499226737837	DeferredSave.extensions.json	DEBUG	Starting write
1499226738253	DeferredSave.extensions.json	DEBUG	Write succeeded
1499226738255	addons.xpi-utils	DEBUG	XPI Database saved, setting schema version preference to 19
1499226740738	Marionette	INFO	Listening on port 60222
1499226742639	Marionette	WARN	TLS certificate errors will be ignored for this session
1499226742706	Marionette	DEBUG	loaded listener.js
1499226743066	Marionette	DEBUG	Received DOM event "beforeunload" for "about:blank"
1499226745386	Marionette	DEBUG	Received DOM event "pagehide" for "about:blank"
1499226745387	Marionette	DEBUG	Received DOM event "unload" for "about:blank"
JavaScript warning: https://mail.protonmail.com/openpgp.min.js?rel=6a32ee1942, line 0: Successfully compiled asm.js code (total compilation time 151ms; caching disabled by private browsing mode)
JavaScript warning: https://mail.protonmail.com/openpgp.min.js?rel=6a32ee1942, line 0: Successfully compiled asm.js code (total compilation time 8ms; not stored in cache (too small to benefit))
JavaScript warning: https://mail.protonmail.com/openpgp.min.js?rel=6a32ee1942, line 0: Successfully compiled asm.js code (total compilation time 6ms; not stored in cache (too small to benefit))
JavaScript warning: https://mail.protonmail.com/assets/app.js?rel=9edafcb73d, line 0: Successfully compiled asm.js code (total compilation time 143ms; caching disabled by private browsing mode)
JavaScript warning: https://mail.protonmail.com/assets/app.js?rel=9edafcb73d, line 0: Successfully compiled asm.js code (total compilation time 27ms; caching disabled by private browsing mode)
1499226748627	addons.xpi	DEBUG	Calling bootstrap method shutdown on webcompat@mozilla.org version 1.1
1499226748628	addons.xpi	DEBUG	Calling bootstrap method shutdown on screenshots@mozilla.org version 6.6.0
1499226748631	addons.xpi	DEBUG	Calling bootstrap method shutdown on firefox@getpocket.com version 1.0.5
1499226748634	addons.xpi	DEBUG	Calling bootstrap method shutdown on e10srollout@mozilla.org version 1.50
1499226748636	addons.xpi	DEBUG	Calling bootstrap method shutdown on aushelper@mozilla.org version 2.0
[GPU 11308] WARNING: pipe error: 109: file c:/builds/moz2_slave/m-rel-w32-00000000000000000000/build/src/ipc/chromium/src/chrome/common/ipc_channel_win.cc, line 346
1499227700921	geckodriver	INFO	Listening on 127.0.0.1:60652
1499227702989	geckodriver::marionette	INFO	Starting browser C:\Program Files (x86)\Mozilla Firefox\firefox.exe with args ["-marionette"]
1499227710493	Marionette	INFO	Listening on port 60658
1499227712686	Marionette	WARN	TLS certificate errors will be ignored for this session
1499227732980	Marionette	INFO	Ceased listening
1499227898991	geckodriver	INFO	Listening on 127.0.0.1:60740
1499227901156	geckodriver::marionette	INFO	Starting browser C:\Program Files (x86)\Mozilla Firefox\firefox.exe with args ["-marionette"]
1499227901809	addons.manager	DEBUG	Application has been upgraded
1499227902215	addons.manager	DEBUG	Loaded provider scope for resource://gre/modules/addons/XPIProvider.jsm: ["XPIProvider"]
1499227902219	addons.manager	DEBUG	Loaded provider scope for resource://gre/modules/LightweightThemeManager.jsm: ["LightweightThemeManager"]
1499227902226	addons.manager	DEBUG	Loaded provider scope for resource://gre/modules/addons/GMPProvider.jsm
1499227902230	addons.manager	DEBUG	Loaded provider scope for resource://gre/modules/addons/PluginProvider.jsm
1499227902232	addons.manager	DEBUG	Starting provider: XPIProvider
1499227902233	addons.xpi	DEBUG	startup
1499227902233	addons.xpi	INFO	Removing all system add-on upgrades.
1499227902234	addons.xpi	INFO	SystemAddonInstallLocation directory is missing
1499227902236	addons.xpi	INFO	Mapping aushelper@mozilla.org to C:\Program Files (x86)\Mozilla Firefox\browser\features\aushelper@mozilla.org.xpi
1499227902237	addons.xpi	INFO	Mapping e10srollout@mozilla.org to C:\Program Files (x86)\Mozilla Firefox\browser\features\e10srollout@mozilla.org.xpi
1499227902238	addons.xpi	INFO	Mapping firefox@getpocket.com to C:\Program Files (x86)\Mozilla Firefox\browser\features\firefox@getpocket.com.xpi
1499227902238	addons.xpi	INFO	Mapping screenshots@mozilla.org to C:\Program Files (x86)\Mozilla Firefox\browser\features\screenshots@mozilla.org.xpi
1499227902239	addons.xpi	INFO	Mapping webcompat@mozilla.org to C:\Program Files (x86)\Mozilla Firefox\browser\features\webcompat@mozilla.org.xpi
1499227902240	addons.xpi	INFO	Mapping {972ce4c6-7e08-4474-a285-3208198ce6fd} to C:\Program Files (x86)\Mozilla Firefox\browser\extensions\{972ce4c6-7e08-4474-a285-3208198ce6fd}.xpi
1499227902241	addons.xpi	DEBUG	checkForChanges
1499227902241	addons.xpi	INFO	SystemAddonInstallLocation directory is missing
1499227902242	addons.xpi	DEBUG	Loaded add-on state from prefs: {}
1499227902244	addons.xpi	DEBUG	New add-on aushelper@mozilla.org in app-system-defaults
1499227902245	addons.xpi	DEBUG	getModTime: Recursive scan of aushelper@mozilla.org
1499227902246	addons.xpi	DEBUG	New add-on e10srollout@mozilla.org in app-system-defaults
1499227902247	addons.xpi	DEBUG	getModTime: Recursive scan of e10srollout@mozilla.org
1499227902248	addons.xpi	DEBUG	New add-on firefox@getpocket.com in app-system-defaults
1499227902249	addons.xpi	DEBUG	getModTime: Recursive scan of firefox@getpocket.com
1499227902250	addons.xpi	DEBUG	New add-on screenshots@mozilla.org in app-system-defaults
1499227902250	addons.xpi	DEBUG	getModTime: Recursive scan of screenshots@mozilla.org
1499227902251	addons.xpi	DEBUG	New add-on webcompat@mozilla.org in app-system-defaults
1499227902252	addons.xpi	DEBUG	getModTime: Recursive scan of webcompat@mozilla.org
1499227902253	addons.xpi	DEBUG	New add-on {972ce4c6-7e08-4474-a285-3208198ce6fd} in app-global
1499227902253	addons.xpi	DEBUG	getModTime: Recursive scan of {972ce4c6-7e08-4474-a285-3208198ce6fd}
1499227902254	addons.xpi	DEBUG	getInstallState changed: true, state: {"app-system-defaults":{"aushelper@mozilla.org":{"d":"C:\\Program Files (x86)\\Mozilla Firefox\\browser\\features\\aushelper@mozilla.org.xpi","st":1498810913959},"e10srollout@mozilla.org":{"d":"C:\\Program Files (x86)\\Mozilla Firefox\\browser\\features\\e10srollout@mozilla.org.xpi","st":1498810913959},"firefox@getpocket.com":{"d":"C:\\Program Files (x86)\\Mozilla Firefox\\browser\\features\\firefox@getpocket.com.xpi","st":1498810913943},"screenshots@mozilla.org":{"d":"C:\\Program Files (x86)\\Mozilla Firefox\\browser\\features\\screenshots@mozilla.org.xpi","st":1497422322541},"webcompat@mozilla.org":{"d":"C:\\Program Files (x86)\\Mozilla Firefox\\browser\\features\\webcompat@mozilla.org.xpi","st":1498810913928}},"app-global":{"{972ce4c6-7e08-4474-a285-3208198ce6fd}":{"d":"C:\\Program Files (x86)\\Mozilla Firefox\\browser\\extensions\\{972ce4c6-7e08-4474-a285-3208198ce6fd}.xpi","st":1498810913959}}}
1499227902275	addons.xpi-utils	DEBUG	Opening XPI database C:\Users\D\AppData\Local\Temp\rust_mozprofile.IEfRUo4TJJWB\extensions.json
1499227902280	addons.xpi-utils	DEBUG	New add-on aushelper@mozilla.org installed in app-system-defaults
*** Blocklist::_loadBlocklistFromFile: blocklist is disabled
1499227902303	DeferredSave.extensions.json	DEBUG	Save changes
1499227902304	addons.xpi-utils	DEBUG	New add-on e10srollout@mozilla.org installed in app-system-defaults
1499227902313	DeferredSave.extensions.json	DEBUG	Starting timer
1499227902317	DeferredSave.extensions.json	DEBUG	Save changes
1499227902317	addons.xpi-utils	DEBUG	New add-on firefox@getpocket.com installed in app-system-defaults
1499227902333	DeferredSave.extensions.json	DEBUG	Save changes
1499227902333	addons.xpi-utils	DEBUG	New add-on screenshots@mozilla.org installed in app-system-defaults
1499227902348	DeferredSave.extensions.json	DEBUG	Save changes
1499227902350	addons.xpi-utils	DEBUG	New add-on webcompat@mozilla.org installed in app-system-defaults
1499227902359	DeferredSave.extensions.json	DEBUG	Save changes
1499227902360	addons.xpi-utils	DEBUG	New add-on {972ce4c6-7e08-4474-a285-3208198ce6fd} installed in app-global
1499227902371	DeferredSave.extensions.json	DEBUG	Save changes
1499227902374	addons.manager	DEBUG	Registering startup change 'installed' for aushelper@mozilla.org
1499227902392	addons.xpi	DEBUG	Loading bootstrap scope from C:\Program Files (x86)\Mozilla Firefox\browser\features\aushelper@mozilla.org.xpi
1499227902402	addons.xpi	DEBUG	Calling bootstrap method install on aushelper@mozilla.org version 2.0
1499227902402	addons.xpi-utils	DEBUG	Make addon app-system-defaults:aushelper@mozilla.org visible
1499227902403	DeferredSave.extensions.json	DEBUG	Save changes
1499227902404	addons.manager	DEBUG	Registering startup change 'installed' for e10srollout@mozilla.org
1499227902405	addons.xpi	DEBUG	Loading bootstrap scope from C:\Program Files (x86)\Mozilla Firefox\browser\features\e10srollout@mozilla.org.xpi
1499227902411	addons.xpi	DEBUG	Calling bootstrap method install on e10srollout@mozilla.org version 1.50
1499227902414	addons.xpi-utils	DEBUG	Make addon app-system-defaults:e10srollout@mozilla.org visible
1499227902415	DeferredSave.extensions.json	DEBUG	Save changes
1499227902415	addons.manager	DEBUG	Registering startup change 'installed' for firefox@getpocket.com
1499227902416	addons.xpi	DEBUG	Loading bootstrap scope from C:\Program Files (x86)\Mozilla Firefox\browser\features\firefox@getpocket.com.xpi
1499227902425	addons.xpi	DEBUG	Calling bootstrap method install on firefox@getpocket.com version 1.0.5
1499227902425	addons.xpi-utils	DEBUG	Make addon app-system-defaults:firefox@getpocket.com visible
1499227902426	DeferredSave.extensions.json	DEBUG	Save changes
1499227902426	addons.manager	DEBUG	Registering startup change 'installed' for screenshots@mozilla.org
1499227902427	addons.xpi	DEBUG	Loading bootstrap scope from C:\Program Files (x86)\Mozilla Firefox\browser\features\screenshots@mozilla.org.xpi
1499227902432	addons.xpi	DEBUG	Calling bootstrap method install on screenshots@mozilla.org version 6.6.0
1499227902433	addons.xpi-utils	DEBUG	Make addon app-system-defaults:screenshots@mozilla.org visible
1499227902434	DeferredSave.extensions.json	DEBUG	Save changes
1499227902434	addons.manager	DEBUG	Registering startup change 'installed' for webcompat@mozilla.org
1499227902435	addons.xpi	DEBUG	Loading bootstrap scope from C:\Program Files (x86)\Mozilla Firefox\browser\features\webcompat@mozilla.org.xpi
1499227902439	addons.xpi	DEBUG	Calling bootstrap method install on webcompat@mozilla.org version 1.1
1499227902440	addons.xpi-utils	DEBUG	Make addon app-system-defaults:webcompat@mozilla.org visible
1499227902441	DeferredSave.extensions.json	DEBUG	Save changes
1499227902441	addons.xpi-utils	DEBUG	Make addon app-global:{972ce4c6-7e08-4474-a285-3208198ce6fd} visible
1499227902442	DeferredSave.extensions.json	DEBUG	Save changes
1499227902443	addons.xpi	DEBUG	Updating XPIState for {"id":"aushelper@mozilla.org","syncGUID":"{12c949eb-9459-4896-a660-6e4e23db79d2}","location":"app-system-defaults","version":"2.0","type":"extension","internalName":null,"updateURL":null,"updateKey":null,"optionsURL":null,"optionsType":null,"aboutURL":null,"icons":{},"iconURL":null,"icon64URL":null,"defaultLocale":{"name":"Application Update Service Helper","description":"Sets value(s) in the update url based on custom checks.","creator":null,"homepageURL":null},"visible":true,"active":true,"userDisabled":false,"appDisabled":false,"descriptor":"C:\\Program Files (x86)\\Mozilla Firefox\\browser\\features\\aushelper@mozilla.org.xpi","installDate":1498810913959,"updateDate":1498810913959,"applyBackgroundUpdates":1,"bootstrap":true,"skinnable":false,"size":8488,"sourceURI":null,"releaseNotesURI":null,"softDisabled":false,"foreignInstall":false,"hasBinaryComponents":false,"strictCompatibility":false,"locales":[],"targetApplications":[{"id":"{ec8030f7-c20a-464f-9b0e-13a3a9e97384}","minVersion":"54.0.1","maxVersion":"54.*"}],"targetPlatforms":[],"multiprocessCompatible":true,"seen":true,"dependencies":[],"hasEmbeddedWebExtension":false,"mpcOptedOut":false,"userPermissions":null}
1499227902443	addons.xpi	DEBUG	getModTime: Recursive scan of aushelper@mozilla.org
1499227902444	addons.xpi	DEBUG	Updating XPIState for {"id":"e10srollout@mozilla.org","syncGUID":"{ca27bd93-68d4-41b6-aa6a-9201fbf0217a}","location":"app-system-defaults","version":"1.50","type":"extension","internalName":null,"updateURL":null,"updateKey":null,"optionsURL":null,"optionsType":null,"aboutURL":null,"icons":{},"iconURL":null,"icon64URL":null,"defaultLocale":{"name":"Multi-process staged rollout","description":"Staged rollout of Firefox multi-process feature.","creator":null,"homepageURL":null},"visible":true,"active":true,"userDisabled":false,"appDisabled":false,"descriptor":"C:\\Program Files (x86)\\Mozilla Firefox\\browser\\features\\e10srollout@mozilla.org.xpi","installDate":1498810913959,"updateDate":1498810913959,"applyBackgroundUpdates":1,"bootstrap":true,"skinnable":false,"size":12519,"sourceURI":null,"releaseNotesURI":null,"softDisabled":false,"foreignInstall":false,"hasBinaryComponents":false,"strictCompatibility":false,"locales":[],"targetApplications":[{"id":"{ec8030f7-c20a-464f-9b0e-13a3a9e97384}","minVersion":"54.0.1","maxVersion":"54.*"}],"targetPlatforms":[],"multiprocessCompatible":true,"seen":true,"dependencies":[],"hasEmbeddedWebExtension":false,"mpcOptedOut":false,"userPermissions":null}
1499227902444	addons.xpi	DEBUG	getModTime: Recursive scan of e10srollout@mozilla.org
1499227902445	addons.xpi	DEBUG	Updating XPIState for {"id":"firefox@getpocket.com","syncGUID":"{4f5328fb-1910-4d09-86d4-a024eacf6e43}","location":"app-system-defaults","version":"1.0.5","type":"extension","internalName":null,"updateURL":null,"updateKey":null,"optionsURL":null,"optionsType":null,"aboutURL":null,"icons":{},"iconURL":null,"icon64URL":null,"defaultLocale":{"name":"Pocket","description":"When you find something you want to view later, put it in Pocket.","creator":null,"homepageURL":null},"visible":true,"active":true,"userDisabled":false,"appDisabled":false,"descriptor":"C:\\Program Files (x86)\\Mozilla Firefox\\browser\\features\\firefox@getpocket.com.xpi","installDate":1498810913943,"updateDate":1498810913943,"applyBackgroundUpdates":1,"bootstrap":true,"skinnable":false,"size":914140,"sourceURI":null,"releaseNotesURI":null,"softDisabled":false,"foreignInstall":false,"hasBinaryComponents":false,"strictCompatibility":false,"locales":[],"targetApplications":[{"id":"{ec8030f7-c20a-464f-9b0e-13a3a9e97384}","minVersion":"54.0.1","maxVersion":"54.*"}],"targetPlatforms":[],"multiprocessCompatible":true,"seen":true,"dependencies":[],"hasEmbeddedWebExtension":false,"mpcOptedOut":false,"userPermissions":null}
1499227902445	addons.xpi	DEBUG	getModTime: Recursive scan of firefox@getpocket.com
1499227902446	addons.xpi	DEBUG	Updating XPIState for {"id":"screenshots@mozilla.org","syncGUID":"{12495f3b-16ec-45f0-a779-88974cc9a52a}","location":"app-system-defaults","version":"6.6.0","type":"extension","internalName":null,"updateURL":null,"updateKey":null,"optionsURL":null,"optionsType":null,"aboutURL":null,"icons":{},"iconURL":null,"icon64URL":null,"defaultLocale":{"name":"Firefox Screenshots","description":null,"creator":null,"homepageURL":"https://pageshot.net/"},"visible":true,"active":true,"userDisabled":false,"appDisabled":false,"descriptor":"C:\\Program Files (x86)\\Mozilla Firefox\\browser\\features\\screenshots@mozilla.org.xpi","installDate":1497422322541,"updateDate":1497422322541,"applyBackgroundUpdates":1,"bootstrap":true,"skinnable":false,"size":716271,"sourceURI":null,"releaseNotesURI":null,"softDisabled":false,"foreignInstall":false,"hasBinaryComponents":false,"strictCompatibility":false,"locales":[],"targetApplications":[{"id":"{ec8030f7-c20a-464f-9b0e-13a3a9e97384}","minVersion":"51.0a1","maxVersion":"*"}],"targetPlatforms":[],"multiprocessCompatible":true,"seen":true,"dependencies":[],"hasEmbeddedWebExtension":false,"mpcOptedOut":false,"userPermissions":null}
1499227902446	addons.xpi	DEBUG	getModTime: Recursive scan of screenshots@mozilla.org
1499227902447	addons.xpi	DEBUG	Updating XPIState for {"id":"webcompat@mozilla.org","syncGUID":"{05cdb015-60ad-44d2-b9b8-a1f82ee73b2c}","location":"app-system-defaults","version":"1.1","type":"extension","internalName":null,"updateURL":null,"updateKey":null,"optionsURL":null,"optionsType":null,"aboutURL":null,"icons":{},"iconURL":null,"icon64URL":null,"defaultLocale":{"name":"Web Compat","description":"Urgent post-release fixes for web compatibility.","creator":null,"homepageURL":null},"visible":true,"active":true,"userDisabled":false,"appDisabled":false,"descriptor":"C:\\Program Files (x86)\\Mozilla Firefox\\browser\\features\\webcompat@mozilla.org.xpi","installDate":1498810913928,"updateDate":1498810913928,"applyBackgroundUpdates":1,"bootstrap":true,"skinnable":false,"size":9006,"sourceURI":null,"releaseNotesURI":null,"softDisabled":false,"foreignInstall":false,"hasBinaryComponents":false,"strictCompatibility":false,"locales":[],"targetApplications":[{"id":"{ec8030f7-c20a-464f-9b0e-13a3a9e97384}","minVersion":"54.0.1","maxVersion":"54.*"}],"targetPlatforms":[],"multiprocessCompatible":true,"seen":true,"dependencies":[],"hasEmbeddedWebExtension":false,"mpcOptedOut":false,"userPermissions":null}
1499227902448	addons.xpi	DEBUG	getModTime: Recursive scan of webcompat@mozilla.org
1499227902449	addons.xpi	DEBUG	Updating XPIState for {"id":"{972ce4c6-7e08-4474-a285-3208198ce6fd}","syncGUID":"{c8631a06-ba11-4f4a-9600-5f87c2686b91}","location":"app-global","version":"54.0.1","type":"theme","internalName":"classic/1.0","updateURL":null,"updateKey":null,"optionsURL":null,"optionsType":null,"aboutURL":null,"icons":{},"iconURL":"chrome://browser/content/default-theme-icon.svg","icon64URL":null,"defaultLocale":{"name":"Default","description":"The default theme.","creator":"Mozilla","homepageURL":null,"contributors":["Mozilla Contributors"]},"visible":true,"active":true,"userDisabled":false,"appDisabled":false,"descriptor":"C:\\Program Files (x86)\\Mozilla Firefox\\browser\\extensions\\{972ce4c6-7e08-4474-a285-3208198ce6fd}.xpi","installDate":1498810913959,"updateDate":1498810913959,"applyBackgroundUpdates":1,"skinnable":true,"size":8207,"sourceURI":null,"releaseNotesURI":null,"softDisabled":false,"foreignInstall":false,"hasBinaryComponents":false,"strictCompatibility":true,"locales":[],"targetApplications":[{"id":"{ec8030f7-c20a-464f-9b0e-13a3a9e97384}","minVersion":"54.0.1","maxVersion":"54.0.1"}],"targetPlatforms":[],"seen":true,"dependencies":[],"hasEmbeddedWebExtension":false,"userPermissions":null}
1499227902449	addons.xpi	DEBUG	getModTime: Recursive scan of {972ce4c6-7e08-4474-a285-3208198ce6fd}
1499227902451	DeferredSave.extensions.json	DEBUG	Save changes
1499227902451	addons.xpi	DEBUG	Updating database with changes to installed add-ons
1499227902452	addons.xpi-utils	DEBUG	Updating add-on states
1499227902454	addons.xpi-utils	DEBUG	Writing add-ons list
1499227902463	addons.xpi	DEBUG	Registering manifest for C:\Program Files (x86)\Mozilla Firefox\browser\features\aushelper@mozilla.org.xpi
1499227902464	addons.xpi	DEBUG	Calling bootstrap method startup on aushelper@mozilla.org version 2.0
1499227902468	addons.xpi	DEBUG	Registering manifest for C:\Program Files (x86)\Mozilla Firefox\browser\features\e10srollout@mozilla.org.xpi
1499227902469	addons.xpi	DEBUG	Calling bootstrap method startup on e10srollout@mozilla.org version 1.50
1499227902471	addons.xpi	DEBUG	Registering manifest for C:\Program Files (x86)\Mozilla Firefox\browser\features\firefox@getpocket.com.xpi
1499227902472	addons.xpi	DEBUG	Calling bootstrap method startup on firefox@getpocket.com version 1.0.5
1499227902474	addons.xpi	DEBUG	Registering manifest for C:\Program Files (x86)\Mozilla Firefox\browser\features\screenshots@mozilla.org.xpi
1499227902475	addons.xpi	DEBUG	Calling bootstrap method startup on screenshots@mozilla.org version 6.6.0
1499227902476	addons.xpi	DEBUG	Registering manifest for C:\Program Files (x86)\Mozilla Firefox\browser\features\webcompat@mozilla.org.xpi
1499227902478	addons.xpi	DEBUG	Calling bootstrap method startup on webcompat@mozilla.org version 1.1
1499227902496	addons.manager	DEBUG	Registering shutdown blocker for XPIProvider
1499227902498	addons.manager	DEBUG	Provider finished startup: XPIProvider
1499227902499	addons.manager	DEBUG	Starting provider: LightweightThemeManager
1499227902499	addons.manager	DEBUG	Registering shutdown blocker for LightweightThemeManager
1499227902500	addons.manager	DEBUG	Provider finished startup: LightweightThemeManager
1499227902501	addons.manager	DEBUG	Starting provider: GMPProvider
1499227902514	addons.manager	DEBUG	Registering shutdown blocker for GMPProvider
1499227902515	addons.manager	DEBUG	Provider finished startup: GMPProvider
1499227902515	addons.manager	DEBUG	Starting provider: PluginProvider
1499227902515	addons.manager	DEBUG	Registering shutdown blocker for PluginProvider
1499227902516	addons.manager	DEBUG	Provider finished startup: PluginProvider
1499227902516	addons.manager	DEBUG	Completed startup sequence
1499227905220	addons.manager	DEBUG	Starting provider: <unnamed-provider>
1499227905220	addons.manager	DEBUG	Registering shutdown blocker for <unnamed-provider>
1499227905221	addons.manager	DEBUG	Provider finished startup: <unnamed-provider>
1499227905274	addons.manager	DEBUG	Starting provider: PreviousExperimentProvider
1499227905274	addons.manager	DEBUG	Registering shutdown blocker for PreviousExperimentProvider
1499227905274	addons.manager	DEBUG	Provider finished startup: PreviousExperimentProvider
1499227905279	DeferredSave.extensions.json	DEBUG	Starting write
1499227905650	DeferredSave.extensions.json	DEBUG	Write succeeded
1499227905652	addons.xpi-utils	DEBUG	XPI Database saved, setting schema version preference to 19
1499227907694	Marionette	INFO	Listening on port 60746
1499227909342	Marionette	WARN	TLS certificate errors will be ignored for this session
1499227909427	Marionette	DEBUG	loaded listener.js
1499227909518	Marionette	DEBUG	Received DOM event "beforeunload" for "about:blank"
1499227909788	Marionette	DEBUG	Received DOM event "pagehide" for "about:blank"
1499227909788	Marionette	DEBUG	Received DOM event "unload" for "about:blank"
1499227911038	Marionette	DEBUG	Received DOM event "pageshow" for "https://www.youtube.com/"
1499227916195	Marionette	DEBUG	Received DOM event "pageshow" for "https://www.youtube.com/"
1499227916994	Marionette	DEBUG	Received DOM event "DOMContentLoaded" for "https://pubads.g.doubleclick.net/gampad/ads?ad_rule=0&d_imp=1&gdfp_req=1&impl=ifr&iu=%2F4061%2Fcom.ythome&pucrd=CgYIABAAGAA&scp=dc_yt%3D1%26kbsg%3DHPMX170704%26kga%3D-1%26kgg%3D-1%26klg%3Des-419%26kmyd%3Dvideo-masthead%26ssl%3D1%26ytdevice%3D1%26ytexp%3D9419451%252C9422596%252C9431012%252C9434289%252C9437758%252C9440168%252C9440363%252C9446054%252C9451823%252C9457114%252C9460349%252C9465813%252C9476197%252C9477900%252C9478419%252C9479708%252C9480411%252C9480538%252C9480775%252C9481298%252C9482288&sz=850x250&ytdevice=1&correlator=8306033683215948"
1499227917002	Marionette	DEBUG	Received DOM event "DOMContentLoaded" for "https://www.youtube.com/"
1499227917004	Marionette	DEBUG	Received DOM event "DOMContentLoaded" for "https://pubads.g.doubleclick.net/gampad/ads?ad_rule=0&d_imp=1&gdfp_req=1&iu=%2F6762%2Fmkt.ythome_1x1&pucrd=CgYIABAAGAA&scp=dc_yt%3D1%26kga%3D-1%26kgg%3D-1%26klg%3Des-419%26kmyd%3Dad_creative_3%26ssl%3D1%26ytexp%3D9419451%252C9422596%252C9431012%252C9434289%252C9437758%252C9440168%252C9440363%252C9446054%252C9451823%252C9457114%252C9460349%252C9465813%252C9476197%252C9477900%252C9478419%252C9479708%252C9480411%252C9480538%252C9480775%252C9481298%252C9482288&sz=1x1&correlator=3724598847331758"
1499227917095	Marionette	DEBUG	Received DOM event "pageshow" for "https://pubads.g.doubleclick.net/gampad/ads?ad_rule=0&d_imp=1&gdfp_req=1&iu=%2F6762%2Fmkt.ythome_1x1&pucrd=CgYIABAAGAA&scp=dc_yt%3D1%26kga%3D-1%26kgg%3D-1%26klg%3Des-419%26kmyd%3Dad_creative_3%26ssl%3D1%26ytexp%3D9419451%252C9422596%252C9431012%252C9434289%252C9437758%252C9440168%252C9440363%252C9446054%252C9451823%252C9457114%252C9460349%252C9465813%252C9476197%252C9477900%252C9478419%252C9479708%252C9480411%252C9480538%252C9480775%252C9481298%252C9482288&sz=1x1&correlator=3724598847331758"
1499227917095	Marionette	DEBUG	Received DOM event "DOMContentLoaded" for "https://www.youtube.com/"
1499227917100	Marionette	DEBUG	Received DOM event "pageshow" for "https://www.youtube.com/"
1499227917241	Marionette	DEBUG	Received DOM event "DOMContentLoaded" for "https://www.youtube.com/video_masthead?video_id=kqyJCtr9BQM&textLine1=Super+Copa+Tecate&textLine2=Lo+mejor+de+Europa+vs+lo+mejor+de+M%C3%A9xico&autocrop=1&autoplay_start_time=0&autoplay_duration=29000&video_wall=0&subscribe_button=0&subscriber_count=1&site_cta=1&cta_label=Boletos+en+Ticketmaster&line_item_id=4352110257&creative_id=138205068376"
1499227917304	Marionette	DEBUG	Received DOM event "pageshow" for "https://www.youtube.com/video_masthead?video_id=kqyJCtr9BQM&textLine1=Super+Copa+Tecate&textLine2=Lo+mejor+de+Europa+vs+lo+mejor+de+M%C3%A9xico&autocrop=1&autoplay_start_time=0&autoplay_duration=29000&video_wall=0&subscribe_button=0&subscriber_count=1&site_cta=1&cta_label=Boletos+en+Ticketmaster&line_item_id=4352110257&creative_id=138205068376"
1499227917306	Marionette	DEBUG	Received DOM event "pageshow" for "https://pubads.g.doubleclick.net/gampad/ads?ad_rule=0&d_imp=1&gdfp_req=1&impl=ifr&iu=%2F4061%2Fcom.ythome&pucrd=CgYIABAAGAA&scp=dc_yt%3D1%26kbsg%3DHPMX170704%26kga%3D-1%26kgg%3D-1%26klg%3Des-419%26kmyd%3Dvideo-masthead%26ssl%3D1%26ytdevice%3D1%26ytexp%3D9419451%252C9422596%252C9431012%252C9434289%252C9437758%252C9440168%252C9440363%252C9446054%252C9451823%252C9457114%252C9460349%252C9465813%252C9476197%252C9477900%252C9478419%252C9479708%252C9480411%252C9480538%252C9480775%252C9481298%252C9482288&sz=850x250&ytdevice=1&correlator=8306033683215948"
1499227917323	Marionette	DEBUG	Received DOM event "pageshow" for "https://www.youtube.com/"
1499227918430	addons.xpi	DEBUG	Calling bootstrap method shutdown on webcompat@mozilla.org version 1.1
1499227918431	addons.xpi	DEBUG	Calling bootstrap method shutdown on screenshots@mozilla.org version 6.6.0
1499227918432	addons.xpi	DEBUG	Calling bootstrap method shutdown on firefox@getpocket.com version 1.0.5
1499227918434	addons.xpi	DEBUG	Calling bootstrap method shutdown on e10srollout@mozilla.org version 1.50
1499227918435	addons.xpi	DEBUG	Calling bootstrap method shutdown on aushelper@mozilla.org version 2.0
[GPU 12716] WARNING: pipe error: 109: file c:/builds/moz2_slave/m-rel-w32-00000000000000000000/build/src/ipc/chromium/src/chrome/common/ipc_channel_win.cc, line 346
IPDL protocol error: Handler returned error code!

###!!! [Parent][DispatchAsyncMessage] Error: PLayerTransaction::Msg_ReleaseLayer Processing error: message was deserialized, but the handler returned false (indicating failure)

JavaScript error: https://www.youtube.com/yts/jsbin/spf-vflktUosI/spf.js, line 17: NS_ERROR_NOT_INITIALIZED: 
JavaScript error: https://www.youtube.com/yts/jsbin/spf-vflktUosI/spf.js, line 17: NS_ERROR_NOT_INITIALIZED: 
JavaScript error: https://www.youtube.com/yts/jsbin/spf-vflktUosI/spf.js, line 17: NS_ERROR_NOT_INITIALIZED: 
JavaScript error: https://www.youtube.com/yts/jsbin/spf-vflktUosI/spf.js, line 17: NS_ERROR_NOT_INITIALIZED: 

###!!! [Child][MessageChannel] Error: (msgtype=0x440102,name=PContent::Msg_AsyncMessage) Channel closing: too late to send/recv, messages will be lost

JavaScript error: chrome://global/content/process-content.js, line 71: NS_ERROR_UNEXPECTED: Component returned failure code: 0x8000ffff (NS_ERROR_UNEXPECTED) [nsIMessageSender.sendAsyncMessage]

###!!! [Child][MessageChannel] Error: (msgtype=0x440102,name=PContent::Msg_AsyncMessage) Channel closing: too late to send/recv, messages will be lost

JavaScript error: chrome://global/content/process-content.js, line 71: NS_ERROR_UNEXPECTED: Component returned failure code: 0x8000ffff (NS_ERROR_UNEXPECTED) [nsIMessageSender.sendAsyncMessage]

###!!! [Child][MessageChannel] Error: (msgtype=0x440102,name=PContent::Msg_AsyncMessage) Channel closing: too late to send/recv, messages will be lost

JavaScript error: chrome://global/content/process-content.js, line 71: NS_ERROR_UNEXPECTED: Component returned failure code: 0x8000ffff (NS_ERROR_UNEXPECTED) [nsIMessageSender.sendAsyncMessage]

###!!! [Child][MessageChannel] Error: (msgtype=0x440102,name=PContent::Msg_AsyncMessage) Channel closing: too late to send/recv, messages will be lost

JavaScript error: chrome://global/content/process-content.js, line 71: NS_ERROR_UNEXPECTED: Component returned failure code: 0x8000ffff (NS_ERROR_UNEXPECTED) [nsIMessageSender.sendAsyncMessage]

###!!! [Child][MessageChannel] Error: (msgtype=0x440102,name=PContent::Msg_AsyncMessage) Channel closing: too late to send/recv, messages will be lost

JavaScript error: chrome://global/content/process-content.js, line 71: NS_ERROR_UNEXPECTED: Component returned failure code: 0x8000ffff (NS_ERROR_UNEXPECTED) [nsIMessageSender.sendAsyncMessage]

###!!! [Child][MessageChannel] Error: (msgtype=0x440102,name=PContent::Msg_AsyncMessage) Channel closing: too late to send/recv, messages will be lost

JavaScript error: chrome://global/content/process-content.js, line 71: NS_ERROR_UNEXPECTED: Component returned failure code: 0x8000ffff (NS_ERROR_UNEXPECTED) [nsIMessageSender.sendAsyncMessage]

###!!! [Child][MessageChannel] Error: (msgtype=0x440102,name=PContent::Msg_AsyncMessage) Channel closing: too late to send/recv, messages will be lost

JavaScript error: chrome://global/content/process-content.js, line 71: NS_ERROR_UNEXPECTED: Component returned failure code: 0x8000ffff (NS_ERROR_UNEXPECTED) [nsIMessageSender.sendAsyncMessage]

###!!! [Child][MessageChannel] Error: (msgtype=0x440102,name=PContent::Msg_AsyncMessage) Channel closing: too late to send/recv, messages will be lost

JavaScript error: chrome://global/content/process-content.js, line 71: NS_ERROR_UNEXPECTED: Component returned failure code: 0x8000ffff (NS_ERROR_UNEXPECTED) [nsIMessageSender.sendAsyncMessage]

###!!! [Child][MessageChannel] Error: (msgtype=0x440102,name=PContent::Msg_AsyncMessage) Channel closing: too late to send/recv, messages will be lost

JavaScript error: chrome://global/content/process-content.js, line 71: NS_ERROR_UNEXPECTED: Component returned failure code: 0x8000ffff (NS_ERROR_UNEXPECTED) [nsIMessageSender.sendAsyncMessage]

###!!! [Child][MessageChannel] Error: (msgtype=0x440102,name=PContent::Msg_AsyncMessage) Channel closing: too late to send/recv, messages will be lost

JavaScript error: chrome://global/content/process-content.js, line 71: NS_ERROR_UNEXPECTED: Component returned failure code: 0x8000ffff (NS_ERROR_UNEXPECTED) [nsIMessageSender.sendAsyncMessage]

###!!! [Child][MessageChannel] Error: (msgtype=0x2C0048,name=PBrowser::Msg___delete__) Channel closing: too late to send/recv, messages will be lost


###!!! [Child][RunMessage] Error: Channel closing: too late to send/recv, messages will be lost


###!!! [Child][RunMessage] Error: Channel closing: too late to send/recv, messages will be lost


###!!! [Child][MessageChannel] Error: (msgtype=0x4400AC,name=PContent::Msg_ScriptError) Channel closing: too late to send/recv, messages will be lost


###!!! [Child][RunMessage] Error: Channel closing: too late to send/recv, messages will be lost


###!!! [Child][RunMessage] Error: Channel closing: too late to send/recv, messages will be lost


###!!! [Child][RunMessage] Error: Channel closing: too late to send/recv, messages will be lost


###!!! [Child][MessageChannel] Error: (msgtype=0x4400AC,name=PContent::Msg_ScriptError) Channel closing: too late to send/recv, messages will be lost


###!!! [Child][RunMessage] Error: Channel closing: too late to send/recv, messages will be lost


###!!! [Child][MessageChannel] Error: (msgtype=0x4400AC,name=PContent::Msg_ScriptError) Channel closing: too late to send/recv, messages will be lost


###!!! [Child][RunMessage] Error: Channel closing: too late to send/recv, messages will be lost


###!!! [Child][RunMessage] Error: Channel closing: too late to send/recv, messages will be lost

1499227919049	addons.manager	DEBUG	shutdown

###!!! [Child][RunMessage] Error: Channel closing: too late to send/recv, messages will be lost


###!!! [Child][MessageChannel] Error: (msgtype=0x4400AC,name=PContent::Msg_ScriptError) Channel closing: too late to send/recv, messages will be lost

1499227919050	addons.manager	DEBUG	Calling shutdown blocker for XPIProvider
1499227919050	addons.xpi	DEBUG	shutdown
1499227919051	addons.xpi-utils	DEBUG	shutdown
1499227919052	addons.manager	DEBUG	Calling shutdown blocker for LightweightThemeManager
1499227919053	addons.manager	DEBUG	Calling shutdown blocker for GMPProvider
1499227919057	addons.manager	DEBUG	Calling shutdown blocker for PluginProvider
1499227919058	addons.manager	DEBUG	Calling shutdown blocker for <unnamed-provider>
1499227919061	addons.manager	DEBUG	Calling shutdown blocker for PreviousExperimentProvider
1499227919066	addons.xpi	DEBUG	Notifying XPI shutdown observers
1499227919075	addons.manager	DEBUG	Async provider shutdown done
1499227919693	Marionette	INFO	Ceased listening

###!!! [Child][MessageChannel::SendAndWait] Error: Channel error: cannot send/recv

1499228273431	geckodriver	INFO	Listening on 127.0.0.1:60866
1499228285941	geckodriver	INFO	Listening on 127.0.0.1:60872
1499228288005	geckodriver::marionette	INFO	Starting browser C:\Program Files (x86)\Mozilla Firefox\Firefox.exe with args ["-marionette"]
1499228294161	Marionette	INFO	Listening on port 60878
1499228296175	Marionette	WARN	TLS certificate errors will be ignored for this session
1499228406144	geckodriver	INFO	Listening on 127.0.0.1:60928
1499228408224	geckodriver::marionette	INFO	Starting browser C:\Program Files (x86)\Mozilla Firefox\firefox.exe with args ["-marionette"]
1499228414620	Marionette	INFO	Listening on port 60934
1499228416858	Marionette	WARN	TLS certificate errors will be ignored for this session
1499228537667	geckodriver	INFO	Listening on 127.0.0.1:60984
1499228539706	geckodriver::marionette	INFO	Starting browser C:\Program Files (x86)\Mozilla Firefox\firefox.exe with args ["-marionette"]
1499228546243	Marionette	INFO	Listening on port 60990
1499228547460	Marionette	WARN	TLS certificate errors will be ignored for this session
1499228564181	Marionette	INFO	Ceased listening
